Initializing document watcher...
Document watcher initialized
obsidian_detailers/index.html: {"tabSize":4,"indentSize":4,"insertSpaces":true,"cursorStyle":1,"lineNumbers":1}
obsidian_detailers/index.html: Using EditorConfig core...
index.html: Target charset is not set
obsidian_detailers/index.html: {"tabSize":4,"indentSize":4,"insertSpaces":true,"cursorStyle":1,"lineNumbers":1}
obsidian_detailers/lv_0_20260702160103.mp4: {"tabSize":4,"indentSize":4,"insertSpaces":true,"cursorStyle":1,"lineNumbers":1}
obsidian_detailers/lv_0_20260702160103.mp4: Using EditorConfig core...
lv_0_20260702160103.mp4: Target charset is not set
obsidian_detailers/index.html: {"tabSize":4,"indentSize":4,"insertSpaces":true,"cursorStyle":1,"lineNumbers":1}
obsidian_detailers/index.html: Using EditorConfig core...
index.html: Target charset is not set
obsidian_detailers/index.html: {"tabSize":4,"indentSize":4,"insertSpaces":true,"cursorStyle":1,"lineNumbers":1}
obsidian_detailers/index.html: {"tabSize":4,"indentSize":4,"insertSpaces":true,"cursorStyle":1,"lineNumbers":1}
obsidian_detailers/index.html: {"tabSize":4,"indentSize":4,"insertSpaces":true,"cursorStyle":1,"lineNumbers":1}
obsidian_detailers/index.html: Using EditorConfig core...
index.html: Target charset is not set
obsidian_detailers/index.html: {"tabSize":4,"indentSize":4,"insertSpaces":true,"cursorStyle":1,"lineNumbers":1}
obsidian_detailers/index.html: Using EditorConfig core...
index.html: Target charset is not set
obsidian_detailers/index.html: {"tabSize":4,"indentSize":4,"insertSpaces":true,"cursorStyle":1,"lineNumbers":1}
obsidian_detailers/index.html: Using EditorConfig core...
index.html: Target charset is not set
obsidian_detailers/index.html: Using EditorConfig core...
obsidian_detailers/index.html: Using EditorConfig core...
index.html: Target charset is not set
obsidian_detailers/index.html: Using EditorConfig core...
obsidian_detailers/index.html: Using EditorConfig core...
index.html: Target charset is not set
obsidian_detailers/index.html: Using EditorConfig core...
obsidian_detailers/index.html: Using EditorConfig core...
index.html: Target charset is not set
obsidian_detailers/index.html: {"tabSize":4,"indentSize":4,"insertSpaces":true,"cursorStyle":1,"lineNumbers":1}
obsidian_detailers/index.html: Using EditorConfig core...
obsidian_detailers/index.html: Using EditorConfig core...
index.html: Target charset is not set
obsidian_detailers/index.html: {"tabSize":4,"indentSize":4,"insertSpaces":true,"cursorStyle":1,"lineNumbers":1}
obsidian_detailers/index.html: Using EditorConfig core...
obsidian_detailers/index.html: Using EditorConfig core...
index.html: Target charset is not set
No more open editors.
No more open editors.
obsidian_detailers/index.html: {"tabSize":4,"indentSize":4,"insertSpaces":true,"cursorStyle":1,"lineNumbers":1}
obsidian_detailers/index.html: Using EditorConfig core...
index.html: Target charset is not set
obsidian_detailers/index.html: Using EditorConfig core...
obsidian_detailers/index.html: Using EditorConfig core...
index.html: Target charset is not set
obsidian_detailers/index.html: Using EditorConfig core...
obsidian_detailers/index.html: Using EditorConfig core...
index.html: Target charset is not set
obsidian_detailers/index.html: Using EditorConfig core...
obsidian_detailers/index.html: Using EditorConfig core...
index.html: Target charset is not set
obsidian_detailers/index.html: Using EditorConfig core...
obsidian_detailers/index.html: Using EditorConfig core...
index.html: Target charset is not set
obsidian_detailers/index.html: {"tabSize":4,"indentSize":4,"insertSpaces":true,"cursorStyle":1,"lineNumbers":1}
obsidian_detailers/index.html: Using EditorConfig core...
obsidian_detailers/index.html: Using EditorConfig core...
index.html: Target charset is not set
obsidian_detailers/index.html: {"tabSize":4,"indentSize":4,"insertSpaces":true,"cursorStyle":1,"lineNumbers":1}
obsidian_detailers/index.html: Using EditorConfig core...
obsidian_detailers/index.html: Using EditorConfig core...
index.html: Target charset is not set
obsidian_detailers/index.html: Using EditorConfig core...
obsidian_detailers/index.html: Using EditorConfig core...
index.html: Target charset is not set
obsidian_detailers/index.html: {"tabSize":4,"indentSize":4,"insertSpaces":true,"cursorStyle":1,"lineNumbers":1}
obsidian_detailers/index.html: {"tabSize":4,"indentSize":4,"insertSpaces":true,"cursorStyle":1,"lineNumbers":1}
obsidian_detailers/index.html: Using EditorConfig core...
obsidian_detailers/index.html: Using EditorConfig core...
index.html: Target charset is not set
obsidian_detailers/index.html: {"tabSize":4,"indentSize":4,"insertSpaces":true,"cursorStyle":1,"lineNumbers":1}
obsidian_detailers/index.html: {"tabSize":4,"indentSize":4,"insertSpaces":true,"cursorStyle":1,"lineNumbers":1}
obsidian_detailers/index.html: {"tabSize":4,"indentSize":4,"insertSpaces":true,"cursorStyle":1,"lineNumbers":1}
obsidian_detailers/index.html: {"tabSize":4,"indentSize":4,"insertSpaces":true,"cursorStyle":1,"lineNumbers":1}
obsidian_detailers/index.html: {"tabSize":4,"indentSize":4,"insertSpaces":true,"cursorStyle":1,"lineNumbers":1}
obsidian_detailers/index.html: Using EditorConfig core...
obsidian_detailers/index.html: Using EditorConfig core...
index.html: Target charset is not set
obsidian_detailers/index.html: {"tabSize":4,"indentSize":4,"insertSpaces":true,"cursorStyle":1,"lineNumbers":1}
obsidian_detailers/index.html: {"tabSize":4,"indentSize":4,"insertSpaces":true,"cursorStyle":1,"lineNumbers":1}
obsidian_detailers/index.html: {"tabSize":4,"indentSize":4,"insertSpaces":true,"cursorStyle":1,"lineNumbers":1}
obsidian_detailers/index.html: Using EditorConfig core...
obsidian_detailers/index.html: Using EditorConfig core...
index.html: Target charset is not set
obsidian_detailers/index.html: {"tabSize":4,"indentSize":4,"insertSpaces":true,"cursorStyle":1,"lineNumbers":1}
obsidian_detailers/index.html: {"tabSize":4,"indentSize":4,"insertSpaces":true,"cursorStyle":1,"lineNumbers":1}
obsidian_detailers/index.html: {"tabSize":4,"indentSize":4,"insertSpaces":true,"cursorStyle":1,"lineNumbers":1}
obsidian_detailers/index.html: {"tabSize":4,"indentSize":4,"insertSpaces":true,"cursorStyle":1,"lineNumbers":1}
obsidian_detailers/index.html: Using EditorConfig core...
obsidian_detailers/index.html: Using EditorConfig core...
index.html: Target charset is not set
obsidian_detailers/index.html: Using EditorConfig core...
obsidian_detailers/index.html: Using EditorConfig core...
index.html: Target charset is not set
obsidian_detailers/index.html: {"tabSize":4,"indentSize":4,"insertSpaces":true,"cursorStyle":1,"lineNumbers":1}
obsidian_detailers/index.html: {"tabSize":4,"indentSize":4,"insertSpaces":true,"cursorStyle":1,"lineNumbers":1}
obsidian_detailers/index.html: {"tabSize":4,"indentSize":4,"insertSpaces":true,"cursorStyle":1,"lineNumbers":1}
obsidian_detailers/index.html: {"tabSize":4,"indentSize":4,"insertSpaces":true,"cursorStyle":1,"lineNumbers":1}
obsidian_detailers/index.html: {"tabSize":4,"indentSize":4,"insertSpaces":true,"cursorStyle":1,"lineNumbers":1}
obsidian_detailers/index.html: {"tabSize":4,"indentSize":4,"insertSpaces":true,"cursorStyle":1,"lineNumbers":1}
obsidian_detailers/index.html: {"tabSize":4,"indentSize":4,"insertSpaces":true,"cursorStyle":1,"lineNumbers":1}
obsidian_detailers/index.html: {"tabSize":4,"indentSize":4,"insertSpaces":true,"cursorStyle":1,"lineNumbers":1}
obsidian_detailers/index.html: {"tabSize":4,"indentSize":4,"insertSpaces":true,"cursorStyle":1,"lineNumbers":1}
obsidian_detailers/index.html: {"tabSize":4,"indentSize":4,"insertSpaces":true,"cursorStyle":1,"lineNumbers":1}
obsidian_detailers/index.html: {"tabSize":4,"indentSize":4,"insertSpaces":true,"cursorStyle":1,"lineNumbers":1}
obsidian_detailers/index.html: {"tabSize":4,"indentSize":4,"insertSpaces":true,"cursorStyle":1,"lineNumbers":1}
obsidian_detailers/index.html: {"tabSize":4,"indentSize":4,"insertSpaces":true,"cursorStyle":1,"lineNumbers":1}
obsidian_detailers/index.html: Using EditorConfig core...
index.html: Target charset is not set
obsidian_detailers/index.html: {"tabSize":4,"indentSize":4,"insertSpaces":true,"cursorStyle":1,"lineNumbers":1}
obsidian_detailers/index.html: Using EditorConfig core...
index.html: Target charset is not set
obsidian_detailers/index.html: {"tabSize":4,"indentSize":4,"insertSpaces":true,"cursorStyle":1,"lineNumbers":1}
obsidian_detailers/index.html: Using EditorConfig core...
obsidian_detailers/index.html: Using EditorConfig core...
index.html: Target charset is not set
obsidian_detailers/index.html: Using EditorConfig core...
obsidian_detailers/index.html: Using EditorConfig core...
index.html: Target charset is not set
obsidian_detailers/index.html: Using EditorConfig core...
obsidian_detailers/index.html: Using EditorConfig core...
index.html: Target charset is not set
obsidian_detailers/index.html: Using EditorConfig core...
obsidian_detailers/index.html: Using EditorConfig core...
index.html: Target charset is not set
obsidian_detailers/index.html: {"tabSize":4,"indentSize":4,"insertSpaces":true,"cursorStyle":1,"lineNumbers":1}
obsidian_detailers/index.html: Using EditorConfig core...
index.html: Target charset is not set
obsidian_detailers/index.html: Using EditorConfig core...
obsidian_detailers/index.html: Using EditorConfig core...
index.html: Target charset is not set
obsidian_detailers/index.html: Using EditorConfig core...
obsidian_detailers/index.html: Using EditorConfig core...
index.html: Target charset is not set
obsidian_detailers/index.html: {"tabSize":4,"indentSize":4,"insertSpaces":true,"cursorStyle":1,"lineNumbers":1}
obsidian_detailers/index.html: Using EditorConfig core...
index.html: Target charset is not set
obsidian_detailers/index.html: Using EditorConfig core...
obsidian_detailers/index.html: Using EditorConfig core...
index.html: Target charset is not set
obsidian_detailers/index.html: Using EditorConfig core...
obsidian_detailers/index.html: Using EditorConfig core...
index.html: Target charset is not set
obsidian_detailers/index.html: Using EditorConfig core...
obsidian_detailers/index.html: Using EditorConfig core...
index.html: Target charset is not set
obsidian_detailers/index.html: Using EditorConfig core...
obsidian_detailers/index.html: Using EditorConfig core...
index.html: Target charset is not set
obsidian_detailers/index.html: {"tabSize":4,"indentSize":4,"insertSpaces":true,"cursorStyle":1,"lineNumbers":1}
obsidian_detailers/index.html: {"tabSize":4,"indentSize":4,"insertSpaces":true,"cursorStyle":1,"lineNumbers":1}
obsidian_detailers/index.html: {"tabSize":4,"indentSize":4,"insertSpaces":true,"cursorStyle":1,"lineNumbers":1}
obsidian_detailers/index.html: {"tabSize":4,"indentSize":4,"insertSpaces":true,"cursorStyle":1,"lineNumbers":1}
obsidian_detailers/index.html: Using EditorConfig core...
obsidian_detailers/index.html: Using EditorConfig core...
index.html: Target charset is not set
obsidian_detailers/index.html: Using EditorConfig core...
obsidian_detailers/index.html: Using EditorConfig core...
index.html: Target charset is not set
obsidian_detailers/index.html: {"tabSize":4,"indentSize":4,"insertSpaces":true,"cursorStyle":1,"lineNumbers":1}
obsidian_detailers/index.html: {"tabSize":4,"indentSize":4,"insertSpaces":true,"cursorStyle":1,"lineNumbers":1}
obsidian_detailers/index.html: {"tabSize":4,"indentSize":4,"insertSpaces":true,"cursorStyle":1,"lineNumbers":1}
obsidian_detailers/index.html: {"tabSize":4,"indentSize":4,"insertSpaces":true,"cursorStyle":1,"lineNumbers":1}
obsidian_detailers/index.html: {"tabSize":4,"indentSize":4,"insertSpaces":true,"cursorStyle":1,"lineNumbers":1}
obsidian_detailers/index.html: {"tabSize":4,"indentSize":4,"insertSpaces":true,"cursorStyle":1,"lineNumbers":1}
obsidian_detailers/index.html: {"tabSize":4,"indentSize":4,"insertSpaces":true,"cursorStyle":1,"lineNumbers":1}
obsidian_detailers/index.html: {"tabSize":4,"indentSize":4,"insertSpaces":true,"cursorStyle":1,"lineNumbers":1}
obsidian_detailers/index.html: Using EditorConfig core...
obsidian_detailers/index.html: Using EditorConfig core...
index.html: Target charset is not set
obsidian_detailers/index.html: {"tabSize":4,"indentSize":4,"insertSpaces":true,"cursorStyle":1,"lineNumbers":1}
obsidian_detailers/index.html: {"tabSize":4,"indentSize":4,"insertSpaces":true,"cursorStyle":1,"lineNumbers":1}
obsidian_detailers/index.html: Using EditorConfig core...
obsidian_detailers/index.html: Using EditorConfig core...
index.html: Target charset is not set
obsidian_detailers/index.html: Using EditorConfig core...
obsidian_detailers/index.html: Using EditorConfig core...
index.html: Target charset is not set
obsidian_detailers/index.html: {"tabSize":4,"indentSize":4,"insertSpaces":true,"cursorStyle":1,"lineNumbers":1}
obsidian_detailers/index.html: {"tabSize":4,"indentSize":4,"insertSpaces":true,"cursorStyle":1,"lineNumbers":1}
obsidian_detailers/index.html: {"tabSize":4,"indentSize":4,"insertSpaces":true,"cursorStyle":1,"lineNumbers":1}
obsidian_detailers/index.html: {"tabSize":4,"indentSize":4,"insertSpaces":true,"cursorStyle":1,"lineNumbers":1}
obsidian_detailers/index.html: {"tabSize":4,"indentSize":4,"insertSpaces":true,"cursorStyle":1,"lineNumbers":1}
obsidian_detailers/index.html: Using EditorConfig core...
obsidian_detailers/index.html: Using EditorConfig core...
index.html: Target charset is not set
obsidian_detailers/index.html: Using EditorConfig core...
obsidian_detailers/index.html: Using EditorConfig core...
index.html: Target charset is not set
obsidian_detailers/index.html: Using EditorConfig core...
obsidian_detailers/index.html: Using EditorConfig core...
index.html: Target charset is not set
obsidian_detailers/index.html: {"tabSize":4,"indentSize":4,"insertSpaces":true,"cursorStyle":1,"lineNumbers":1}
obsidian_detailers/index.html: Using EditorConfig core...
obsidian_detailers/index.html: Using EditorConfig core...
index.html: Target charset is not set
obsidian_detailers/index.html: {"tabSize":4,"indentSize":4,"insertSpaces":true,"cursorStyle":1,"lineNumbers":1}
obsidian_detailers/index.html: Using EditorConfig core...
obsidian_detailers/index.html: Using EditorConfig core...
index.html: Target charset is not set
obsidian_detailers/index.html: {"tabSize":4,"indentSize":4,"insertSpaces":true,"cursorStyle":1,"lineNumbers":1}
obsidian_detailers/index.html: {"tabSize":4,"indentSize":4,"insertSpaces":true,"cursorStyle":1,"lineNumbers":1}
obsidian_detailers/index.html: Using EditorConfig core...
obsidian_detailers/index.html: Using EditorConfig core...
index.html: Target charset is not set
obsidian_detailers/index.html: Using EditorConfig core...
obsidian_detailers/index.html: Using EditorConfig core...
index.html: Target charset is not set
obsidian_detailers/index.html: Using EditorConfig core...
obsidian_detailers/index.html: Using EditorConfig core...
index.html: Target charset is not set
obsidian_detailers/index.html: Using EditorConfig core...
obsidian_detailers/index.html: Using EditorConfig core...
index.html: Target charset is not set
obsidian_detailers/index.html: Using EditorConfig core...
obsidian_detailers/index.html: Using EditorConfig core...
index.html: Target charset is not set
obsidian_detailers/index.html: Using EditorConfig core...
obsidian_detailers/index.html: Using EditorConfig core...
index.html: Target charset is not set
obsidian_detailers/index.html: Using EditorConfig core...
obsidian_detailers/index.html: Using EditorConfig core...
index.html: Target charset is not set
obsidian_detailers/index.html: {"tabSize":4,"indentSize":4,"insertSpaces":true,"cursorStyle":1,"lineNumbers":1}
obsidian_detailers/index.html: {"tabSize":4,"indentSize":4,"insertSpaces":true,"cursorStyle":1,"lineNumbers":1}
obsidian_detailers/index.html: {"tabSize":4,"indentSize":4,"insertSpaces":true,"cursorStyle":1,"lineNumbers":1}
obsidian_detailers/index.html: Using EditorConfig core...
obsidian_detailers/index.html: Using EditorConfig core...
index.html: Target charset is not set
obsidian_detailers/index.html: Using EditorConfig core...
obsidian_detailers/index.html: Using EditorConfig core...
index.html: Target charset is not set
obsidian_detailers/index.html: Using EditorConfig core...
obsidian_detailers/index.html: Using EditorConfig core...
index.html: Target charset is not set
obsidian_detailers/index.html: Using EditorConfig core...
obsidian_detailers/index.html: Using EditorConfig core...
index.html: Target charset is not set
obsidian_detailers/index.html: {"tabSize":4,"indentSize":4,"insertSpaces":true,"cursorStyle":1,"lineNumbers":1}
obsidian_detailers/index.html: {"tabSize":4,"indentSize":4,"insertSpaces":true,"cursorStyle":1,"lineNumbers":1}
obsidian_detailers/index.html: Using EditorConfig core...
obsidian_detailers/index.html: Using EditorConfig core...
index.html: Target charset is not set
obsidian_detailers/index.html: Using EditorConfig core...
obsidian_detailers/index.html: Using EditorConfig core...
index.html: Target charset is not set
obsidian_detailers/index.html: Using EditorConfig core...
obsidian_detailers/index.html: Using EditorConfig core...
index.html: Target charset is not set
obsidian_detailers/index.html: Using EditorConfig core...
obsidian_detailers/index.html: Using EditorConfig core...
index.html: Target charset is not set
obsidian_detailers/index.html: {"tabSize":4,"indentSize":4,"insertSpaces":true,"cursorStyle":1,"lineNumbers":1}
obsidian_detailers/index.html: {"tabSize":4,"indentSize":4,"insertSpaces":true,"cursorStyle":1,"lineNumbers":1}
obsidian_detailers/index.html: {"tabSize":4,"indentSize":4,"insertSpaces":true,"cursorStyle":1,"lineNumbers":1}
obsidian_detailers/index.html: {"tabSize":4,"indentSize":4,"insertSpaces":true,"cursorStyle":1,"lineNumbers":1}
obsidian_detailers/index.html: {"tabSize":4,"indentSize":4,"insertSpaces":true,"cursorStyle":1,"lineNumbers":1}
obsidian_detailers/index.html: {"tabSize":4,"indentSize":4,"insertSpaces":true,"cursorStyle":1,"lineNumbers":1}
obsidian_detailers/index.html: {"tabSize":4,"indentSize":4,"insertSpaces":true,"cursorStyle":1,"lineNumbers":1}
obsidian_detailers/index.html: {"tabSize":4,"indentSize":4,"insertSpaces":true,"cursorStyle":1,"lineNumbers":1}
obsidian_detailers/index.html: {"tabSize":4,"indentSize":4,"insertSpaces":true,"cursorStyle":1,"lineNumbers":1}
obsidian_detailers/index.html: {"tabSize":4,"indentSize":4,"insertSpaces":true,"cursorStyle":1,"lineNumbers":1}
