Initializing document watcher...
Document watcher initialized
obsidian_detailers/README-cloudshell.txt: {"tabSize":4,"indentSize":4,"insertSpaces":true,"cursorStyle":1,"lineNumbers":1}
obsidian_detailers/README-cloudshell.txt: Using EditorConfig core...
README-cloudshell.txt: Target charset is not set
obsidian_detailers/README-cloudshell.txt: {"tabSize":4,"indentSize":4,"insertSpaces":true,"cursorStyle":1,"lineNumbers":1}
obsidian_detailers/index.html: {"tabSize":4,"indentSize":4,"insertSpaces":true,"cursorStyle":1,"lineNumbers":1}
obsidian_detailers/index.html: {"tabSize":4,"indentSize":4,"insertSpaces":true,"cursorStyle":1,"lineNumbers":1}
obsidian_detailers/index.html: Using EditorConfig core...
index.html: Target charset is not set
obsidian_detailers/index.html: Using EditorConfig core...
obsidian_detailers/index.html: Using EditorConfig core...
index.html: Target charset is not set
obsidian_detailers/index.html: {"tabSize":4,"indentSize":4,"insertSpaces":true,"cursorStyle":1,"lineNumbers":1}
obsidian_detailers/index.html: {"tabSize":4,"indentSize":4,"insertSpaces":true,"cursorStyle":1,"lineNumbers":1}
obsidian_detailers/index.html: {"tabSize":4,"indentSize":4,"insertSpaces":true,"cursorStyle":1,"lineNumbers":1}
obsidian_detailers/index.html: Using EditorConfig core...
obsidian_detailers/index.html: Using EditorConfig core...
index.html: Target charset is not set
obsidian_detailers/index.html: {"tabSize":4,"indentSize":4,"insertSpaces":true,"cursorStyle":1,"lineNumbers":1}
obsidian_detailers/index.html: {"tabSize":4,"indentSize":4,"insertSpaces":true,"cursorStyle":1,"lineNumbers":1}
obsidian_detailers/README-cloudshell.txt: {"tabSize":4,"indentSize":4,"insertSpaces":true,"cursorStyle":1,"lineNumbers":1}
obsidian_detailers/README-cloudshell.txt: Using EditorConfig core...
README-cloudshell.txt: Target charset is not set
obsidian_detailers/index.html: {"tabSize":4,"indentSize":4,"insertSpaces":true,"cursorStyle":1,"lineNumbers":1}
obsidian_detailers/index.html: Using EditorConfig core...
index.html: Target charset is not set
obsidian_detailers/Untitled-1: {"tabSize":4,"indentSize":4,"insertSpaces":true,"cursorStyle":1,"lineNumbers":1}
obsidian_detailers/Untitled-1: Using EditorConfig core...
Untitled-1: Target charset is not set
obsidian_detailers/index.html: {"tabSize":4,"indentSize":4,"insertSpaces":true,"cursorStyle":1,"lineNumbers":1}
obsidian_detailers/index.html: Using EditorConfig core...
index.html: Target charset is not set
obsidian_detailers/Untitled-1: {"tabSize":4,"indentSize":4,"insertSpaces":true,"cursorStyle":1,"lineNumbers":1}
obsidian_detailers/Untitled-1: Using EditorConfig core...
Untitled-1: Target charset is not set
obsidian_detailers/index.html: {"tabSize":4,"indentSize":4,"insertSpaces":true,"cursorStyle":1,"lineNumbers":1}
obsidian_detailers/index.html: Using EditorConfig core...
index.html: Target charset is not set
obsidian_detailers/index.html: {"tabSize":4,"indentSize":4,"insertSpaces":true,"cursorStyle":1,"lineNumbers":1}
obsidian_detailers/index.html: {"tabSize":4,"indentSize":4,"insertSpaces":true,"cursorStyle":1,"lineNumbers":1}
obsidian_detailers/index.html: Using EditorConfig core...
index.html: Target charset is not set
obsidian_detailers/index.html: {"tabSize":4,"indentSize":4,"insertSpaces":true,"cursorStyle":1,"lineNumbers":1}
obsidian_detailers/index.html: Using EditorConfig core...
index.html: Target charset is not set
obsidian_detailers/index.html: {"tabSize":4,"indentSize":4,"insertSpaces":true,"cursorStyle":1,"lineNumbers":1}
obsidian_detailers/index.html: Using EditorConfig core...
index.html: Target charset is not set
obsidian_detailers/index.html: {"tabSize":4,"indentSize":4,"insertSpaces":true,"cursorStyle":1,"lineNumbers":1}
obsidian_detailers/index.html: Using EditorConfig core...
index.html: Target charset is not set
obsidian_detailers/index.html: {"tabSize":4,"indentSize":4,"insertSpaces":true,"cursorStyle":1,"lineNumbers":1}
obsidian_detailers/index.html: {"tabSize":4,"indentSize":4,"insertSpaces":true,"cursorStyle":1,"lineNumbers":1}
obsidian_detailers/index.html: {"tabSize":4,"indentSize":4,"insertSpaces":true,"cursorStyle":1,"lineNumbers":1}
obsidian_detailers/index.html: {"tabSize":4,"indentSize":4,"insertSpaces":true,"cursorStyle":1,"lineNumbers":1}
obsidian_detailers/index.html: {"tabSize":4,"indentSize":4,"insertSpaces":true,"cursorStyle":1,"lineNumbers":1}
obsidian_detailers/index.html: {"tabSize":4,"indentSize":4,"insertSpaces":true,"cursorStyle":1,"lineNumbers":1}
